<?xml version="1.0" encoding="UTF-8"?>
<!-- Generated by org.testng.reporters.JUnitReportReporter -->
<testsuite hostname="admin-PC" failures="0" tests="1" name="com.emicalculator.EmiCalculator" time="24.261" errors="0" timestamp="2020-04-28T14:55:53 IST" skipped="0">
  <testcase classname="com.emicalculator.EmiCalculator" name="EMITest" time="24.261"/>
</testsuite> <!-- com.emicalculator.EmiCalculator -->
